[2018-04-22T22:08:49.033] [INFO] default - 
[2018-04-22T22:10:22.131] [INFO] default - undefined
[2018-04-22T22:19:23.462] [INFO] default - 
[2018-04-22T22:20:08.697] [INFO] default - GPRP,FA6133FE3EE6,ED521A092EB7,-91,02010612FF590080BC300100FFFFFFFF000000000000,1521892763
[2018-04-22T22:24:46.756] [DEBUG] default - GPRP,FA6133FE3EE6,ED521A092EB7,-91,02010612FF590080BC300100FFFFFFFF000000000000,1521892763
[2018-04-22T22:24:48.801] [DEBUG] default - GPRP,FA6133FE3EE6,ED521A092EB7,-91,02010612FF590080BC300100FFFFFFFF000000000000,1521892763
[2018-04-22T22:24:49.449] [DEBUG] default - GPRP,FA6133FE3EE6,ED521A092EB7,-91,02010612FF590080BC300100FFFFFFFF000000000000,1521892763
[2018-04-22T22:24:49.664] [DEBUG] default - GPRP,FA6133FE3EE6,ED521A092EB7,-91,02010612FF590080BC300100FFFFFFFF000000000000,1521892763
[2018-04-22T22:24:49.825] [DEBUG] default - GPRP,FA6133FE3EE6,ED521A092EB7,-91,02010612FF590080BC300100FFFFFFFF000000000000,1521892763
[2018-04-22T22:24:49.969] [DEBUG] default - GPRP,FA6133FE3EE6,ED521A092EB7,-91,02010612FF590080BC300100FFFFFFFF000000000000,1521892763
[2018-04-22T22:24:50.114] [DEBUG] default - GPRP,FA6133FE3EE6,ED521A092EB7,-91,02010612FF590080BC300100FFFFFFFF000000000000,1521892763
[2018-04-22T22:24:50.256] [DEBUG] default - GPRP,FA6133FE3EE6,ED521A092EB7,-91,02010612FF590080BC300100FFFFFFFF000000000000,1521892763
[2018-04-22T22:24:50.385] [DEBUG] default - GPRP,FA6133FE3EE6,ED521A092EB7,-91,02010612FF590080BC300100FFFFFFFF000000000000,1521892763
[2018-04-22T22:24:50.513] [DEBUG] default - GPRP,FA6133FE3EE6,ED521A092EB7,-91,02010612FF590080BC300100FFFFFFFF000000000000,1521892763
[2018-04-22T22:24:50.672] [DEBUG] default - GPRP,FA6133FE3EE6,ED521A092EB7,-91,02010612FF590080BC300100FFFFFFFF000000000000,1521892763
[2018-04-22T22:24:50.960] [DEBUG] default - GPRP,FA6133FE3EE6,ED521A092EB7,-91,02010612FF590080BC300100FFFFFFFF000000000000,1521892763
[2018-04-22T22:24:51.104] [DEBUG] default - GPRP,FA6133FE3EE6,ED521A092EB7,-91,02010612FF590080BC300100FFFFFFFF000000000000,1521892763
[2018-04-22T22:24:51.257] [DEBUG] default - GPRP,FA6133FE3EE6,ED521A092EB7,-91,02010612FF590080BC300100FFFFFFFF000000000000,1521892763
[2018-04-22T22:24:51.393] [DEBUG] default - GPRP,FA6133FE3EE6,ED521A092EB7,-91,02010612FF590080BC300100FFFFFFFF000000000000,1521892763
[2018-04-22T22:24:51.561] [DEBUG] default - GPRP,FA6133FE3EE6,ED521A092EB7,-91,02010612FF590080BC300100FFFFFFFF000000000000,1521892763
[2018-04-22T22:24:51.697] [DEBUG] default - GPRP,FA6133FE3EE6,ED521A092EB7,-91,02010612FF590080BC300100FFFFFFFF000000000000,1521892763
[2018-04-22T22:24:51.848] [DEBUG] default - GPRP,FA6133FE3EE6,ED521A092EB7,-91,02010612FF590080BC300100FFFFFFFF000000000000,1521892763
[2018-04-22T22:24:52.008] [DEBUG] default - GPRP,FA6133FE3EE6,ED521A092EB7,-91,02010612FF590080BC300100FFFFFFFF000000000000,1521892763
[2018-04-22T22:24:52.153] [DEBUG] default - GPRP,FA6133FE3EE6,ED521A092EB7,-91,02010612FF590080BC300100FFFFFFFF000000000000,1521892763
[2018-04-22T22:24:52.297] [DEBUG] default - GPRP,FA6133FE3EE6,ED521A092EB7,-91,02010612FF590080BC300100FFFFFFFF000000000000,1521892763
[2018-04-22T22:24:52.433] [DEBUG] default - GPRP,FA6133FE3EE6,ED521A092EB7,-91,02010612FF590080BC300100FFFFFFFF000000000000,1521892763
[2018-04-22T22:24:52.592] [DEBUG] default - GPRP,FA6133FE3EE6,ED521A092EB7,-91,02010612FF590080BC300100FFFFFFFF000000000000,1521892763
[2018-04-22T22:24:53.986] [DEBUG] default - GPRP,FA6133FE3EE6,ED521A092EB7,-91,02010612FF590080BC300100FFFFFFFF000000000000,1521892763
[2018-04-22T22:24:54.145] [DEBUG] default - GPRP,FA6133FE3EE6,ED521A092EB7,-91,02010612FF590080BC300100FFFFFFFF000000000000,1521892763
[2018-04-22T22:24:54.281] [DEBUG] default - GPRP,FA6133FE3EE6,ED521A092EB7,-91,02010612FF590080BC300100FFFFFFFF000000000000,1521892763
[2018-04-22T22:24:54.417] [DEBUG] default - GPRP,FA6133FE3EE6,ED521A092EB7,-91,02010612FF590080BC300100FFFFFFFF000000000000,1521892763
[2018-04-22T22:24:54.553] [DEBUG] default - GPRP,FA6133FE3EE6,ED521A092EB7,-91,02010612FF590080BC300100FFFFFFFF000000000000,1521892763
[2018-04-22T22:24:54.688] [DEBUG] default - GPRP,FA6133FE3EE6,ED521A092EB7,-91,02010612FF590080BC300100FFFFFFFF000000000000,1521892763
[2018-04-22T22:24:54.825] [DEBUG] default - GPRP,FA6133FE3EE6,ED521A092EB7,-91,02010612FF590080BC300100FFFFFFFF000000000000,1521892763
[2018-04-22T22:24:54.944] [DEBUG] default - GPRP,FA6133FE3EE6,ED521A092EB7,-91,02010612FF590080BC300100FFFFFFFF000000000000,1521892763
[2018-04-22T22:24:55.097] [DEBUG] default - GPRP,FA6133FE3EE6,ED521A092EB7,-91,02010612FF590080BC300100FFFFFFFF000000000000,1521892763
[2018-04-22T22:24:55.376] [DEBUG] default - GPRP,FA6133FE3EE6,ED521A092EB7,-91,02010612FF590080BC300100FFFFFFFF000000000000,1521892763
[2018-04-22T22:24:55.513] [DEBUG] default - GPRP,FA6133FE3EE6,ED521A092EB7,-91,02010612FF590080BC300100FFFFFFFF000000000000,1521892763
[2018-04-22T22:24:55.665] [DEBUG] default - GPRP,FA6133FE3EE6,ED521A092EB7,-91,02010612FF590080BC300100FFFFFFFF000000000000,1521892763
[2018-04-22T22:24:55.938] [DEBUG] default - GPRP,FA6133FE3EE6,ED521A092EB7,-91,02010612FF590080BC300100FFFFFFFF000000000000,1521892763
[2018-04-22T22:24:56.073] [DEBUG] default - GPRP,FA6133FE3EE6,ED521A092EB7,-91,02010612FF590080BC300100FFFFFFFF000000000000,1521892763
[2018-04-22T22:24:56.201] [DEBUG] default - GPRP,FA6133FE3EE6,ED521A092EB7,-91,02010612FF590080BC300100FFFFFFFF000000000000,1521892763
[2018-04-22T22:24:56.353] [DEBUG] default - GPRP,FA6133FE3EE6,ED521A092EB7,-91,02010612FF590080BC300100FFFFFFFF000000000000,1521892763
[2018-04-22T22:24:56.496] [DEBUG] default - GPRP,FA6133FE3EE6,ED521A092EB7,-91,02010612FF590080BC300100FFFFFFFF000000000000,1521892763
[2018-04-22T22:24:56.657] [DEBUG] default - GPRP,FA6133FE3EE6,ED521A092EB7,-91,02010612FF590080BC300100FFFFFFFF000000000000,1521892763
[2018-04-22T22:24:56.801] [DEBUG] default - GPRP,FA6133FE3EE6,ED521A092EB7,-91,02010612FF590080BC300100FFFFFFFF000000000000,1521892763
[2018-04-22T22:24:56.913] [DEBUG] default - GPRP,FA6133FE3EE6,ED521A092EB7,-91,02010612FF590080BC300100FFFFFFFF000000000000,1521892763
[2018-04-22T22:24:57.097] [DEBUG] default - GPRP,FA6133FE3EE6,ED521A092EB7,-91,02010612FF590080BC300100FFFFFFFF000000000000,1521892763
[2018-04-22T22:24:57.249] [DEBUG] default - GPRP,FA6133FE3EE6,ED521A092EB7,-91,02010612FF590080BC300100FFFFFFFF000000000000,1521892763
[2018-04-22T22:24:57.458] [DEBUG] default - GPRP,FA6133FE3EE6,ED521A092EB7,-91,02010612FF590080BC300100FFFFFFFF000000000000,1521892763
[2018-04-22T22:24:57.576] [DEBUG] default - GPRP,FA6133FE3EE6,ED521A092EB7,-91,02010612FF590080BC300100FFFFFFFF000000000000,1521892763
[2018-04-22T22:24:57.753] [DEBUG] default - GPRP,FA6133FE3EE6,ED521A092EB7,-91,02010612FF590080BC300100FFFFFFFF000000000000,1521892763
[2018-04-22T22:24:57.929] [DEBUG] default - GPRP,FA6133FE3EE6,ED521A092EB7,-91,02010612FF590080BC300100FFFFFFFF000000000000,1521892763
[2018-04-22T22:24:58.057] [DEBUG] default - GPRP,FA6133FE3EE6,ED521A092EB7,-91,02010612FF590080BC300100FFFFFFFF000000000000,1521892763
[2018-04-22T22:24:58.208] [DEBUG] default - GPRP,FA6133FE3EE6,ED521A092EB7,-91,02010612FF590080BC300100FFFFFFFF000000000000,1521892763
[2018-04-22T22:24:58.402] [DEBUG] default - GPRP,FA6133FE3EE6,ED521A092EB7,-91,02010612FF590080BC300100FFFFFFFF000000000000,1521892763
[2018-04-22T22:24:58.553] [DEBUG] default - GPRP,FA6133FE3EE6,ED521A092EB7,-91,02010612FF590080BC300100FFFFFFFF000000000000,1521892763
[2018-04-22T22:24:58.872] [DEBUG] default - GPRP,FA6133FE3EE6,ED521A092EB7,-91,02010612FF590080BC300100FFFFFFFF000000000000,1521892763
[2018-04-28T22:02:21.719] [DEBUG] default - GPRP,FA6133FE3EE6,ED521A092EB7,-91,02010612FF590080BC300100FFFFFFFF000000000000,1521892763
[2018-04-28T22:03:02.319] [DEBUG] default - GPRP,FA6133FE3EE6,ED521A092EB7,-91,02010612FF590080BC300100FFFFFFFF000000000000,1521892763
[2018-04-28T22:03:21.116] [DEBUG] default - GPRP,FA6133FE3E66,ED521A092EB7,-91,02010612FF590080BC300100FFFFFFFF000000000000,1521892763
[2018-04-28T22:07:57.927] [DEBUG] default - GPRP,FA6133FE3E66,ED521A092EB7,-91,02010612FF590080BC300100FFFFFFFF000000000000,1521892763
[2018-04-28T22:08:06.729] [DEBUG] default - GPRP,FA6133FE3EE6,ED521A092EB7,-91,02010612FF590080BC300100FFFFFFFF000000000000,1521892763
[2018-04-28T22:08:17.826] [DEBUG] default - GPRP,FA6133FE3EE6,ED521A092EB7,-91,02010612FF590080BC300100FFFFFFFF000000000000,1521892763
[2018-04-28T22:09:31.028] [DEBUG] default - GPRP,FA6133FE3EE6,ED521A092EB7,-91,02010612FF590080BC300100FFFFFFFF000000000000,1521892763
[2018-04-28T22:09:58.788] [DEBUG] default - GPRP,FA6133FE3EE6,ED521A092EB7,-91,02010612FF590080BC300100FFFFFFFF000000000000,1521892763
[2018-04-28T22:14:16.650] [DEBUG] default - GPRP,FA6133FE3EE6,ED521A092EB7,-91,02010612FF590080BC300100FFFFFFFF000000000000,1521892763
[2018-04-28T22:14:34.874] [DEBUG] default - GPRP,FA6133FE3EE6,ED521A092EB7,-91,02010612FF590080BC300100FFFFFFFF000000000000,1521892763
[2018-04-28T22:15:17.655] [DEBUG] default - GPRP,FA6133FE3E66,ED521A092EB7,-91,02010612FF590080BC300100FFFFFFFF000000000000,1521892763
[2018-04-28T22:21:48.895] [DEBUG] default - GPRP,FA6133FE3E66,ED521A092EB7,-91,02010612FF590080BC300100FFFFFFFF000000000000,1521892763
[2018-04-28T22:21:59.259] [DEBUG] default - GPRP,FA6133FE3EE6,ED521A092EB7,-91,02010612FF590080BC300100FFFFFFFF000000000000,1521892763
[2018-04-28T22:27:26.629] [DEBUG] default - GPRP,FA6133FE3EE6,ED521A092EB7,-91,02010612FF590080BC300100FFFFFFFF000000000000,1521892763
[2018-04-28T22:27:38.808] [DEBUG] default - GPRP,FA6133FE3EE6,ED521A092EB7,-91,02010612FF590080BC300100FFFFFFFF000000000000,1521892763
[2018-04-28T22:27:46.560] [DEBUG] default - GPRP,FA6133FE3E66,ED521A092EB7,-91,02010612FF590080BC300100FFFFFFFF000000000000,1521892763
[2018-04-28T22:27:52.656] [DEBUG] default - GPRP,FA6133FE3E66,ED521A092EB7,-91,02010612FF590080BC300100FFFFFFFF000000000000,1521892763
[2018-04-28T22:29:05.073] [DEBUG] default - GPRP,FA6133FE3EE6,ED521A092EB7,-91,02010612FF590080BC300100FFFFFFFF000000000000,1521892763
[2018-04-28T22:29:44.743] [DEBUG] default - GPRP,111111111111,ED521A092EB7,-91,02010612FF590080BC300100FFFFFFFF000000000000,1521892763
[2018-04-28T22:35:56.148] [DEBUG] default - GPRP,111111111111,ED521A092EB7,-91,02010612FF590080BC300100FFFFFFFF000000000000,1521892763
[2018-04-28T22:45:41.424] [DEBUG] default - GPRP,FA6133FE3EE6,ED521A092EB7,-91,02010612FF590080BC300100FFFFFFFF000000000000,1521892763
[2018-04-28T22:46:11.183] [DEBUG] default - GPRP,FA6133FE3E66,ED521A092EB7,-91,02010612FF590080BC300100FFFFFFFF000000000000,1521892763
[2018-04-28T22:46:23.951] [DEBUG] default - GPRP,FA6133FE3E66,ED521A092EB7,-91,02010612FF590080BC300100FFFFFFFF000000000000,１521892763
[2018-04-28T22:46:51.191] [DEBUG] default - GPRP,FA6133FE3EE6,ED521A092EB7,-91,02010612FF590080BC300100FFFFFFFF000000000000,１521892763
[2018-04-28T23:02:19.308] [DEBUG] default - GPRP,FA6133FE3E66,ED521A092EB7,-91,02010612FF590080BC300100FFFFFFFF000000000000,1521892763
[2018-04-28T23:02:59.824] [DEBUG] default - GPRP,FA6133FE3EE6,ED521A092EB7,-91,02010612FF590080BC300100FFFFFFFF000000000000,1521892763
[2018-04-28T23:04:50.239] [DEBUG] default - GPRP,FA6133FE3EE6,ED521A092EB7,-91,02010612FF590080BC300100FFFFFFFF000000000000,1521892763
[2018-04-28T23:04:52.270] [DEBUG] default - GPRP,FA6133FE3EE6,ED521A092EB7,-91,02010612FF590080BC300100FFFFFFFF000000000000,1521892763
[2018-04-28T23:04:53.383] [DEBUG] default - GPRP,FA6133FE3EE6,ED521A092EB7,-91,02010612FF590080BC300100FFFFFFFF000000000000,1521892763
[2018-04-28T23:04:53.630] [DEBUG] default - GPRP,FA6133FE3EE6,ED521A092EB7,-91,02010612FF590080BC300100FFFFFFFF000000000000,1521892763
[2018-04-28T23:04:53.927] [DEBUG] default - GPRP,FA6133FE3EE6,ED521A092EB7,-91,02010612FF590080BC300100FFFFFFFF000000000000,1521892763
[2018-04-28T23:04:54.215] [DEBUG] default - GPRP,FA6133FE3EE6,ED521A092EB7,-91,02010612FF590080BC300100FFFFFFFF000000000000,1521892763
[2018-04-28T23:04:54.367] [DEBUG] default - GPRP,FA6133FE3EE6,ED521A092EB7,-91,02010612FF590080BC300100FFFFFFFF000000000000,1521892763
[2018-04-28T23:04:54.487] [DEBUG] default - GPRP,FA6133FE3EE6,ED521A092EB7,-91,02010612FF590080BC300100FFFFFFFF000000000000,1521892763
[2018-04-28T23:04:54.623] [DEBUG] default - GPRP,FA6133FE3EE6,ED521A092EB7,-91,02010612FF590080BC300100FFFFFFFF000000000000,1521892763
[2018-04-28T23:04:54.791] [DEBUG] default - GPRP,FA6133FE3EE6,ED521A092EB7,-91,02010612FF590080BC300100FFFFFFFF000000000000,1521892763
[2018-04-28T23:04:54.905] [DEBUG] default - GPRP,FA6133FE3EE6,ED521A092EB7,-91,02010612FF590080BC300100FFFFFFFF000000000000,1521892763
[2018-04-28T23:04:55.054] [DEBUG] default - GPRP,FA6133FE3EE6,ED521A092EB7,-91,02010612FF590080BC300100FFFFFFFF000000000000,1521892763
[2018-04-28T23:14:14.203] [DEBUG] default - GPRP,FA6133FE3EE6,ED521A092EB7,-91,02010612FF590080BC300100FFFFFFFF000000000000,1521892763
[2018-04-30T21:07:35.335] [DEBUG] default - GPRP,FA6133FE3EE6,ED521A092EB7,-91,02010612FF590080BC300100FFFFFFFF000000000000,1521892763
[2018-04-30T21:10:02.511] [DEBUG] default - GPRP,FA6133FE3EE6,ED521A092EB7,-11,02010612FF590080BC200101A10A3F00FFFFFFFFFFFF,1521897777
[2018-04-30T21:13:32.873] [DEBUG] default - GPRP,FA6133FE3EE6,ED521A092EB7,-11,02010612FF590080BC200101A10A3F00FFFFFFFFFFFF,1521897777
[2018-04-30T21:14:42.577] [DEBUG] default - GPRP,FA6133FE3EE6,ED521A092EB7,-11,02010612FF590080BC200101A10A3F00FFFFFFFFFFFF,1521897777
[2018-04-30T21:15:31.777] [DEBUG] default - GPRP,FA6133FE3EE6,ED521A092EB7,-11,02010612FF590080BC200101A10A3F00FFFFFFFFFFFF,1521897777
[2018-04-30T21:16:41.337] [DEBUG] default - GPRP,FA6133FE3EE6,ED521A092EB7,-11,02010612FF590080BC200101A10A3F00FFFFFFFFFFFF,1521897777
[2018-04-30T21:19:12.584] [DEBUG] default - GPRP,FA6133FE3EE6,ED521A092EB7,-11,02010612FF590080BC200101A10A3F00FFFFFFFFFFFF,1521897777
[2018-04-30T21:23:04.864] [DEBUG] default - GPRP,FA6133FE3EE6,ED521A092EB7,-11,02010612FF590080BC200101A10A3F00FFFFFFFFFFFF,1521892222
[2018-04-30T21:25:33.619] [DEBUG] default - GPRP,FA6133FE3EE6,ED521A092EB7,-11,02010612FF590080BC200101A10A3F00FFFFFFFFFFFF,1521892763
[2018-04-30T21:41:57.743] [DEBUG] default - GPRP,FA6133FE3EE6,ED521A092EB7,-11,02010612FF590080BC200101A10A3F00FFFFFFFFFFFF,1521892763
[2018-04-30T21:42:06.990] [DEBUG] default - GPRP,FA6133FE3EE6,ED521A092EB7,-11,02010612FF590080BC200101A10A3F00FFFFFFFFFFFF,1525092060
[2018-04-30T21:42:57.270] [DEBUG] default - GPRP,FA6133FE3EE6,ED521A092EB7,-11,02010612FF590080BC200101A10A3F00FFFFFFFFFFFF,1525092060
[2018-04-30T21:43:56.538] [DEBUG] default - GPRP,FA6133FE3EE6,ED521A092EB7,-11,02010612FF590080BC200101A10A3F00FFFFFFFFFFFF,1525092060
[2018-04-30T21:44:59.141] [DEBUG] default - GPRP,FA6133FE3EE6,ED521A092EB7,-11,02010612FF590080BC200101A10AA10AFFFFFFFFFFFF,1525092060
[2018-04-30T21:45:02.861] [DEBUG] default - GPRP,FA6133FE3EE6,ED521A092EB7,-11,02010612FF590080BC200101A10A3F00FFFFFFFFFFFF,1525092060
[2018-04-30T21:46:33.748] [DEBUG] default - GPRP,FA6133FE3EE6,ED521A092EB7,-100,02010612FF590080BC200101A10A3F00FFFFFFFFFFFF,1525092060
[2018-04-30T21:49:26.238] [DEBUG] default - GPRP,FA6133FE3EE6,ED521A092EB7,-100,02010612FF590080BC200101A10A3F00FFFFFFFFFFFF,1525092060
[2018-04-30T21:49:42.074] [DEBUG] default - GPRP,FA6133FE3111,ED521A092EB7,-100,02010612FF590080BC200101A10A3F00FFFFFFFFFFFF,1525092060
[2018-04-30T21:49:44.633] [DEBUG] default - GPRP,FA6133FE3111,ED521A092EB7,-100,02010612FF590080BC200101A10A3F00FFFFFFFFFFFF,1525092060
[2018-04-30T21:49:46.253] [DEBUG] default - GPRP,FA6133FE3111,ED521A092EB7,-100,02010612FF590080BC200101A10A3F00FFFFFFFFFFFF,1525092060
[2018-04-30T21:49:54.940] [DEBUG] default - GPRP,FA6133FE3EE6,ED521A092EB7,-100,02010612FF590080BC200101A10A3F00FFFFFFFFFFFF,1525092060
[2018-04-30T21:49:55.569] [DEBUG] default - GPRP,FA6133FE3EE6,ED521A092EB7,-100,02010612FF590080BC200101A10A3F00FFFFFFFFFFFF,1525092060
[2018-04-30T21:50:28.917] [DEBUG] default - GPRP,FA6133FE3EE6,ED521A092EB7,-100,02010612FF590080BC200101A10A3F00FFFFFFFFFFFF,1525092060
[2018-04-30T21:57:17.585] [DEBUG] default - GPRP,FA6133FE3EE6,ED521A092EB7,-100,02010612FF590080BC200101A10A3F00FFFFFFFFFFFF,1525092060
[2018-04-30T22:22:55.518] [DEBUG] default - GPRP,FA6133FE3EE6,ED521A092EB7,-100,02010612FF590080BC200104A10A3F00FFFFFFFFFFFF,1525092060
[2018-04-30T22:23:03.547] [DEBUG] default - GPRP,FA6133FE3EE6,ED521A092EB7,-100,02010612FF590080BC200101A10A3F00FFFFFFFFFFFF,1525092060
[2018-04-30T22:23:13.026] [DEBUG] default - GPRP,FA6133FE3EE6,ED521A092EB7,-100,02010612FF590080BC200100A10A3F00FFFFFFFFFFFF,1525092060
[2018-04-30T22:45:26.533] [DEBUG] default - GPRP,FA6133FE3EE6,ED521A092EB7,-100,02010612FF590080BC200100A10A3F00FFFFFFFFFFFF,1525092060
[2018-04-30T22:45:35.928] [DEBUG] default - GPRP,FA6133FE3EE6,ED521A092EB7,-100,02010612FF590080BC200100A10A3F00FFFFFFFFFFFF,1525092060
[2018-04-30T22:47:00.189] [DEBUG] default - GPRP,FA6133FE3EE6,ED521A092EB7,-100,02010612FF590080BC200100A10A3F00FFFFFFFFFFFF,1525092060
[2018-04-30T22:47:08.808] [DEBUG] default - GPRP,FA6133FE3EE6,ED521A092EB7,-100,02010612FF590080BC200100A10A3F00FFFFFFFFFFFF,1525092060
[2018-04-30T22:47:15.141] [DEBUG] default - GPRP,FA6133FE3EE6,ED521A092EB7,-100,02010612FF590080BC200100A10A3F00FFFFFFFFFFFF,1525092060
[2018-05-01T22:39:12.788] [DEBUG] default - GPRP,FA6133FE3EE6,ED521A092EB7,-91,02010612FF590080BC300100FFFFFFFF000000000000,1521892763
[2018-05-01T22:40:18.138] [DEBUG] default - GPRP,FA6133FE3EE6,ED521A092EB7,-91,02010612FF590080BC300100FFFFFFFF000000000000,1521892763
[2018-05-01T22:41:05.906] [DEBUG] default - GPRP,FA6133FE3EE6,ED521A092EB7,-91,02010612FF590080BC300100FFFFFFFF000000000000,1521892763
[2018-05-01T22:42:56.789] [DEBUG] default - GPRP,FA6133FE3111,ED521A092EB7,-91,02010612FF590080BC300100FFFFFFFF000000000000,1521892763
[2018-05-01T23:00:06.085] [DEBUG] default - GPRP,FA6133FE3111,ED521A092EB7,-91,02010612FF590080BC300100FFFFFFFF000000000000,1521892763
[2018-05-01T23:11:17.503] [DEBUG] default - GPRP,FA6133FE3111,ED521A092EB7,-91,02010612FF590080BC300100FFFFFFFF000000000000,1521892763
[2018-05-01T23:12:05.768] [DEBUG] default - GPRP,FA6133FE3EE6,ED521A092EB7,-91,02010612FF590080BC300100FFFFFFFF000000000000,1521892763
[2018-05-01T23:18:56.309] [DEBUG] default - GPRP,FA6133FE3EE6,ED521A092EB7,-91,02010612FF590080BC300100FFFFFFFF000000000000,1521892763
[2018-05-02T21:27:12.649] [DEBUG] default - GPRP,FA6133FE3EE6,ED521A092EB7,-91,02010612FF590080BC300100FFFFFFFF000000000000,1521892763
[2018-05-02T21:28:55.172] [DEBUG] default - GPRP,FA6133FE3EE6,ED521A092EB7,-91,02010612FF590080BC300100FFFFFFFF000000000000,1521892763
[2018-05-02T21:30:17.539] [DEBUG] default - GPRP,FA6133FE3EE6,ED521A092EB7,-91,02010612FF590080BC300100FFFFFFFF000000000000,1521892763
[2018-05-02T21:33:50.666] [DEBUG] default - GPRP,FA6133FE3EE6,ED521A092EB7,-91,02010612FF590080BC300100FFFFFFFF000000000000,1521892763
[2018-05-02T21:35:08.033] [DEBUG] default - GPRP,FA6133FE3EE6,ED521A092EB7,-91,02010612FF590080BC300100FFFFFFFF000000000000,1521892763
[2018-05-02T21:48:22.631] [DEBUG] default - GPRP,FA6133FE3EE6,ED521A092EB7,-91,02010612FF590080BC300100FFFFFFFF000000000000,1521892763
[2018-05-02T21:48:35.755] [DEBUG] default - GPRP,FA6133FE3EE6,ED521A092EB7,-91,02010612FF590080BC300100FFFFFFFF000000000000,1521892763
[2018-05-02T21:49:50.223] [DEBUG] default - GPRP,FA6133FE3EE6,ED521A092EB7,-11,02010612FF590080BC300100FFFFFFFF000000000000,1521892763
[2018-05-02T21:50:38.415] [DEBUG] default - GPRP,111111111111,ED521A092EB7,-11,02010612FF590080BC300100FFFFFFFF000000000000,1521892763
[2018-05-02T21:53:23.382] [DEBUG] default - GPRP,111111111111,ED521A092EB7,-100,02010612FF590080BC200101A10A3F00FFFFFFFFFFFF,1525092060
[2018-05-02T21:53:28.925] [DEBUG] default - GPRP,111111111111,ED521A092EB7,-100,02010612FF590080BC200101A10A3F00FFFFFFFFFFFF,1525092060
[2018-05-02T21:56:05.377] [DEBUG] default - GPRP,111111111111,ED521A092EB7,-100,02010612FF590080BC200101A10A3F00FFFFFFFFFFFF,1525092060
[2018-05-02T21:58:42.479] [DEBUG] default - GPRP,111111111111,ED521A092EB7,-100,02010612FF590080BC200101A10A3F00FFFFFFFFFFFF,1525092060
[2018-05-02T21:58:44.586] [DEBUG] default - GPRP,111111111111,ED521A092EB7,-100,02010612FF590080BC200101A10A3F00FFFFFFFFFFFF,1525092060
[2018-05-02T21:58:45.770] [DEBUG] default - GPRP,111111111111,ED521A092EB7,-100,02010612FF590080BC200101A10A3F00FFFFFFFFFFFF,1525092060
[2018-05-02T21:59:01.873] [DEBUG] default - GPRP,111111111112,ED521A092EB7,-100,02010612FF590080BC200101A10A3F00FFFFFFFFFFFF,1525092060
[2018-05-02T21:59:58.670] [DEBUG] default - GPRP,111111111112,ED521A092EB7,-100,02010612FF590080BC200101A10A3F00FFFFFFFFFFFF,1525092060
[2018-05-02T22:00:10.434] [DEBUG] default - GPRP,111111111111,ED521A092EB7,-100,02010612FF590080BC200101A10A3F00FFFFFFFFFFFF,1525092060
[2018-05-02T22:01:10.982] [DEBUG] default - GPRP,111111111111,ED521A092EB7,-100,02010612FF590080BC200101A10A3F00FFFFFFFFFFFF,1525092060
[2018-05-02T22:02:14.996] [DEBUG] default - GPRP,111111111111,ED521A092EB7,-100,02010612FF590080BC200101A10A3F00FFFFFFFFFFFF,1525092060
[2018-05-02T22:02:31.528] [DEBUG] default - GPRP,111111111112,ED521A092EB7,-100,02010612FF590080BC200101A10A3F00FFFFFFFFFFFF,1525092060
[2018-05-02T22:02:47.840] [DEBUG] default - GPRP,FA6133FE3EE6,ED521A092EB7,-11,02010612FF590080BC300100FFFFFFFF000000000000,1521892763
[2018-05-02T22:03:25.239] [DEBUG] default - GPRP,111111111111,ED521A092EB7,-100,02010612FF590080BC200101A10A3F00FFFFFFFFFFFF,1525092060
[2018-05-02T22:07:38.432] [DEBUG] default - GPRP,111111111112,ED521A092EB7,-100,02010612FF590080BC200101A10A3F00FFFFFFFFFFFF,1525092060
[2018-05-02T22:07:46.990] [DEBUG] default - GPRP,111111111111,ED521A092EB7,-100,02010612FF590080BC200101A10A3F00FFFFFFFFFFFF,1525092060
[2018-05-02T22:11:20.020] [DEBUG] default - GPRP,111111111111,ED521A092EB7,-77,02010612FF590080BC200101A10A3F00FFFFFFFFFFFF,1525092060
[2018-05-02T22:21:19.997] [DEBUG] default - GPRP,111111111111,ED521A092EB7,-77,02010612FF590080BC200101A10A3F00FFFFFFFFFFFF,1525092060
[2018-05-02T22:21:29.367] [DEBUG] default - GPRP,111111111112,ED521A092EB7,-100,02010612FF590080BC200101A10A3F00FFFFFFFFFFFF,1525092060
[2018-05-02T22:21:38.031] [DEBUG] default - GPRP,FA6133FE3EE6,ED521A092EB7,-11,02010612FF590080BC300100FFFFFFFF000000000000,1521892763
[2018-05-02T22:21:42.655] [DEBUG] default - GPRP,FA6133FE3EE6,ED521A092EB7,-11,02010612FF590080BC300100FFFFFFFF000000000000,1521892763
[2018-05-02T22:45:14.718] [DEBUG] default - GPRP,FA6133FE3EE6,ED521A092EB7,-11,02010612FF590080BC300100FFFFFFFF000000000000,1521892763
[2018-05-03T06:51:00.361] [DEBUG] default - GPRP,111111111111,ED521A092EB7,-100,02010612FF590080BC200101A10A3F00FFFFFFFFFFFF,1525092060
[2018-05-03T06:51:17.602] [DEBUG] default - GPRP,111111111112,ED521A092EB7,-100,02010612FF590080BC200101A10A3F00FFFFFFFFFFFF,1525092060
[2018-05-03T06:51:31.544] [DEBUG] default - GPRP,111111111111,ED521A092EB7,-100,02010612FF590080BC200101A10A3F00FFFFFFFFFFFF,1525092060
[2018-05-03T06:51:33.952] [DEBUG] default - GPRP,111111111111,ED521A092EB7,-100,02010612FF590080BC200101A10A3F00FFFFFFFFFFFF,1525092060
[2018-05-03T21:33:12.316] [DEBUG] default - GPRP,FA6133FE3EE6,ED521A092EB7,-91,02010612FF590080BC300100FFFFFFFF000000000000,1521892763
[2018-05-03T21:36:58.368] [DEBUG] default - GPRP,FA6133FE3EE6,ED521A092EB7,-91,02010612FF590080BC300100FFFFFFFF000000000000,1521892763
[2018-05-03T21:37:04.245] [DEBUG] default - GPRP,FA6133FE3EE6,ED521A092EB7,-91,02010612FF590080BC300100FFFFFFFF000000000000,1521892763
[2018-05-03T21:37:07.755] [DEBUG] default - GPRP,FA6133FE3EE6,ED521A092EB7,-91,02010612FF590080BC300100FFFFFFFF000000000000,1521892763
[2018-05-03T21:37:07.996] [DEBUG] default - GPRP,FA6133FE3EE6,ED521A092EB7,-91,02010612FF590080BC300100FFFFFFFF000000000000,1521892763
[2018-05-03T21:37:08.172] [DEBUG] default - GPRP,FA6133FE3EE6,ED521A092EB7,-91,02010612FF590080BC300100FFFFFFFF000000000000,1521892763
[2018-05-03T21:37:08.324] [DEBUG] default - GPRP,FA6133FE3EE6,ED521A092EB7,-91,02010612FF590080BC300100FFFFFFFF000000000000,1521892763
[2018-05-03T21:37:08.884] [DEBUG] default - GPRP,FA6133FE3EE6,ED521A092EB7,-91,02010612FF590080BC300100FFFFFFFF000000000000,1521892763
[2018-05-03T21:37:09.299] [DEBUG] default - GPRP,FA6133FE3EE6,ED521A092EB7,-91,02010612FF590080BC300100FFFFFFFF000000000000,1521892763
[2018-05-03T21:37:09.471] [DEBUG] default - GPRP,FA6133FE3EE6,ED521A092EB7,-91,02010612FF590080BC300100FFFFFFFF000000000000,1521892763
[2018-05-03T21:37:09.891] [DEBUG] default - GPRP,FA6133FE3EE6,ED521A092EB7,-91,02010612FF590080BC300100FFFFFFFF000000000000,1521892763
[2018-05-03T21:41:06.847] [DEBUG] default - GPRP,FA6133FE3EE6,ED521A092EB7,-91,02010612FF590080BC300100FFFFFFFF000000000000,1521892763
[2018-05-03T21:41:13.306] [DEBUG] default - GPRP,FA6133FE3EE6,ED521A092EB7,-91,02010612FF590080BC300100FFFFFFFF000000000000,1521892763
[2018-05-03T21:41:15.268] [DEBUG] default - GPRP,FA6133FE3EE6,ED521A092EB7,-91,02010612FF590080BC300100FFFFFFFF000000000000,1521892763
[2018-05-03T21:41:15.602] [DEBUG] default - GPRP,FA6133FE3EE6,ED521A092EB7,-91,02010612FF590080BC300100FFFFFFFF000000000000,1521892763
[2018-05-03T21:41:16.025] [DEBUG] default - GPRP,FA6133FE3EE6,ED521A092EB7,-91,02010612FF590080BC300100FFFFFFFF000000000000,1521892763
[2018-05-03T21:42:00.174] [DEBUG] default - GPRP,FA6133FE3EE6,ED521A092EB7,-91,02010612FF590080BC300100FFFFFFFF000000000000,1521892763
[2018-05-03T21:42:04.458] [DEBUG] default - GPRP,FA6133FE3EE6,ED521A092EB7,-91,02010612FF590080BC300100FFFFFFFF000000000000,1521892763
[2018-05-03T21:46:30.525] [DEBUG] default - GPRP,FA6133FE3EE6,ED521A092EB7,-91,02010612FF590080BC300100FFFFFFFF000000000000,1521892763
[2018-05-03T21:46:34.855] [DEBUG] default - GPRP,FA6133FE3EE6,ED521A092EB7,-91,02010612FF590080BC300100FFFFFFFF000000000000,1521892763
[2018-05-03T21:46:35.695] [DEBUG] default - GPRP,FA6133FE3EE6,ED521A092EB7,-91,02010612FF590080BC300100FFFFFFFF000000000000,1521892763
[2018-05-03T21:46:36.367] [DEBUG] default - GPRP,FA6133FE3EE6,ED521A092EB7,-91,02010612FF590080BC300100FFFFFFFF000000000000,1521892763
[2018-05-03T21:46:36.583] [DEBUG] default - GPRP,FA6133FE3EE6,ED521A092EB7,-91,02010612FF590080BC300100FFFFFFFF000000000000,1521892763
[2018-05-03T21:46:36.759] [DEBUG] default - GPRP,FA6133FE3EE6,ED521A092EB7,-91,02010612FF590080BC300100FFFFFFFF000000000000,1521892763
[2018-05-03T21:46:37.088] [DEBUG] default - GPRP,FA6133FE3EE6,ED521A092EB7,-91,02010612FF590080BC300100FFFFFFFF000000000000,1521892763
[2018-05-03T21:46:37.255] [DEBUG] default - GPRP,FA6133FE3EE6,ED521A092EB7,-91,02010612FF590080BC300100FFFFFFFF000000000000,1521892763
[2018-05-03T21:46:37.536] [DEBUG] default - GPRP,FA6133FE3EE6,ED521A092EB7,-91,02010612FF590080BC300100FFFFFFFF000000000000,1521892763
[2018-05-03T21:46:37.695] [DEBUG] default - GPRP,FA6133FE3EE6,ED521A092EB7,-91,02010612FF590080BC300100FFFFFFFF000000000000,1521892763
[2018-05-03T21:46:37.823] [DEBUG] default - GPRP,FA6133FE3EE6,ED521A092EB7,-91,02010612FF590080BC300100FFFFFFFF000000000000,1521892763
[2018-05-03T21:46:38.095] [DEBUG] default - GPRP,FA6133FE3EE6,ED521A092EB7,-91,02010612FF590080BC300100FFFFFFFF000000000000,1521892763
[2018-05-03T21:46:38.399] [DEBUG] default - GPRP,FA6133FE3EE6,ED521A092EB7,-91,02010612FF590080BC300100FFFFFFFF000000000000,1521892763
[2018-05-03T21:46:38.855] [DEBUG] default - GPRP,FA6133FE3EE6,ED521A092EB7,-91,02010612FF590080BC300100FFFFFFFF000000000000,1521892763
[2018-05-03T21:46:39.007] [DEBUG] default - GPRP,FA6133FE3EE6,ED521A092EB7,-91,02010612FF590080BC300100FFFFFFFF000000000000,1521892763
[2018-05-03T21:46:39.151] [DEBUG] default - GPRP,FA6133FE3EE6,ED521A092EB7,-91,02010612FF590080BC300100FFFFFFFF000000000000,1521892763
[2018-05-03T21:46:39.296] [DEBUG] default - GPRP,FA6133FE3EE6,ED521A092EB7,-91,02010612FF590080BC300100FFFFFFFF000000000000,1521892763
[2018-05-03T21:46:39.447] [DEBUG] default - GPRP,FA6133FE3EE6,ED521A092EB7,-91,02010612FF590080BC300100FFFFFFFF000000000000,1521892763
[2018-05-03T21:46:39.792] [DEBUG] default - GPRP,FA6133FE3EE6,ED521A092EB7,-91,02010612FF590080BC300100FFFFFFFF000000000000,1521892763
[2018-05-03T21:46:39.951] [DEBUG] default - GPRP,FA6133FE3EE6,ED521A092EB7,-91,02010612FF590080BC300100FFFFFFFF000000000000,1521892763
[2018-05-03T21:46:40.087] [DEBUG] default - GPRP,FA6133FE3EE6,ED521A092EB7,-91,02010612FF590080BC300100FFFFFFFF000000000000,1521892763
[2018-05-03T21:46:40.414] [DEBUG] default - GPRP,FA6133FE3EE6,ED521A092EB7,-91,02010612FF590080BC300100FFFFFFFF000000000000,1521892763
[2018-05-03T21:46:40.575] [DEBUG] default - GPRP,FA6133FE3EE6,ED521A092EB7,-91,02010612FF590080BC300100FFFFFFFF000000000000,1521892763
[2018-05-03T21:46:40.727] [DEBUG] default - GPRP,FA6133FE3EE6,ED521A092EB7,-91,02010612FF590080BC300100FFFFFFFF000000000000,1521892763
[2018-05-03T21:46:40.870] [DEBUG] default - GPRP,FA6133FE3EE6,ED521A092EB7,-91,02010612FF590080BC300100FFFFFFFF000000000000,1521892763
[2018-05-03T21:46:41.031] [DEBUG] default - GPRP,FA6133FE3EE6,ED521A092EB7,-91,02010612FF590080BC300100FFFFFFFF000000000000,1521892763
[2018-05-03T21:46:41.175] [DEBUG] default - GPRP,FA6133FE3EE6,ED521A092EB7,-91,02010612FF590080BC300100FFFFFFFF000000000000,1521892763
[2018-05-03T21:46:41.336] [DEBUG] default - GPRP,FA6133FE3EE6,ED521A092EB7,-91,02010612FF590080BC300100FFFFFFFF000000000000,1521892763
[2018-05-03T21:46:41.503] [DEBUG] default - GPRP,FA6133FE3EE6,ED521A092EB7,-91,02010612FF590080BC300100FFFFFFFF000000000000,1521892763
[2018-05-03T21:46:41.679] [DEBUG] default - GPRP,FA6133FE3EE6,ED521A092EB7,-91,02010612FF590080BC300100FFFFFFFF000000000000,1521892763
[2018-05-03T21:46:41.831] [DEBUG] default - GPRP,FA6133FE3EE6,ED521A092EB7,-91,02010612FF590080BC300100FFFFFFFF000000000000,1521892763
[2018-05-03T21:46:42.008] [DEBUG] default - GPRP,FA6133FE3EE6,ED521A092EB7,-91,02010612FF590080BC300100FFFFFFFF000000000000,1521892763
[2018-05-03T21:46:42.152] [DEBUG] default - GPRP,FA6133FE3EE6,ED521A092EB7,-91,02010612FF590080BC300100FFFFFFFF000000000000,1521892763
[2018-05-03T21:46:42.294] [DEBUG] default - GPRP,FA6133FE3EE6,ED521A092EB7,-91,02010612FF590080BC300100FFFFFFFF000000000000,1521892763
[2018-05-03T21:46:42.432] [DEBUG] default - GPRP,FA6133FE3EE6,ED521A092EB7,-91,02010612FF590080BC300100FFFFFFFF000000000000,1521892763
[2018-05-03T21:46:56.655] [DEBUG] default - GPRP,FA6133FE3EE6,ED521A092EB7,-91,02010612FF590080BC300100FFFFFFFF000000000000,1521892763
[2018-05-03T21:46:58.919] [DEBUG] default - GPRP,111111111111,ED521A092EB7,-100,02010612FF590080BC200101A10A3F00FFFFFFFFFFFF,1525092060
[2018-05-03T21:47:03.103] [DEBUG] default - GPRP,111111111111,ED521A092EB7,-100,02010612FF590080BC200101A10A3F00FFFFFFFFFFFF,1525092060
[2018-05-03T21:47:03.607] [DEBUG] default - GPRP,111111111111,ED521A092EB7,-100,02010612FF590080BC200101A10A3F00FFFFFFFFFFFF,1525092060
[2018-05-03T21:47:03.847] [DEBUG] default - GPRP,111111111111,ED521A092EB7,-100,02010612FF590080BC200101A10A3F00FFFFFFFFFFFF,1525092060
[2018-05-03T21:47:04.030] [DEBUG] default - GPRP,111111111111,ED521A092EB7,-100,02010612FF590080BC200101A10A3F00FFFFFFFFFFFF,1525092060
[2018-05-03T21:47:04.311] [DEBUG] default - GPRP,111111111111,ED521A092EB7,-100,02010612FF590080BC200101A10A3F00FFFFFFFFFFFF,1525092060
[2018-05-03T21:47:04.439] [DEBUG] default - GPRP,111111111111,ED521A092EB7,-100,02010612FF590080BC200101A10A3F00FFFFFFFFFFFF,1525092060
[2018-05-03T21:47:04.583] [DEBUG] default - GPRP,111111111111,ED521A092EB7,-100,02010612FF590080BC200101A10A3F00FFFFFFFFFFFF,1525092060
[2018-05-03T21:47:04.743] [DEBUG] default - GPRP,111111111111,ED521A092EB7,-100,02010612FF590080BC200101A10A3F00FFFFFFFFFFFF,1525092060
[2018-05-03T21:47:04.903] [DEBUG] default - GPRP,111111111111,ED521A092EB7,-100,02010612FF590080BC200101A10A3F00FFFFFFFFFFFF,1525092060
[2018-05-03T21:47:05.231] [DEBUG] default - GPRP,111111111111,ED521A092EB7,-100,02010612FF590080BC200101A10A3F00FFFFFFFFFFFF,1525092060
[2018-05-03T21:47:05.383] [DEBUG] default - GPRP,111111111111,ED521A092EB7,-100,02010612FF590080BC200101A10A3F00FFFFFFFFFFFF,1525092060
[2018-05-03T21:47:05.559] [DEBUG] default - GPRP,111111111111,ED521A092EB7,-100,02010612FF590080BC200101A10A3F00FFFFFFFFFFFF,1525092060
[2018-05-03T21:47:05.734] [DEBUG] default - GPRP,111111111111,ED521A092EB7,-100,02010612FF590080BC200101A10A3F00FFFFFFFFFFFF,1525092060
[2018-05-03T21:47:06.039] [DEBUG] default - GPRP,111111111111,ED521A092EB7,-100,02010612FF590080BC200101A10A3F00FFFFFFFFFFFF,1525092060
[2018-05-03T21:47:06.207] [DEBUG] default - GPRP,111111111111,ED521A092EB7,-100,02010612FF590080BC200101A10A3F00FFFFFFFFFFFF,1525092060
[2018-05-03T21:47:06.319] [DEBUG] default - GPRP,111111111111,ED521A092EB7,-100,02010612FF590080BC200101A10A3F00FFFFFFFFFFFF,1525092060
[2018-05-03T21:47:06.471] [DEBUG] default - GPRP,111111111111,ED521A092EB7,-100,02010612FF590080BC200101A10A3F00FFFFFFFFFFFF,1525092060
[2018-05-03T21:47:06.615] [DEBUG] default - GPRP,111111111111,ED521A092EB7,-100,02010612FF590080BC200101A10A3F00FFFFFFFFFFFF,1525092060
[2018-05-03T21:47:06.783] [DEBUG] default - GPRP,111111111111,ED521A092EB7,-100,02010612FF590080BC200101A10A3F00FFFFFFFFFFFF,1525092060
[2018-05-03T21:47:07.087] [DEBUG] default - GPRP,111111111111,ED521A092EB7,-100,02010612FF590080BC200101A10A3F00FFFFFFFFFFFF,1525092060
[2018-05-03T21:47:27.751] [DEBUG] default - GPRP,111111111122,ED521A092EB7,-100,02010612FF590080BC200101A10A3F00FFFFFFFFFFFF,1525092060
[2018-05-03T21:47:30.822] [DEBUG] default - GPRP,111111111122,ED521A092EB7,-100,02010612FF590080BC200101A10A3F00FFFFFFFFFFFF,1525092060
[2018-05-03T21:47:31.414] [DEBUG] default - GPRP,111111111122,ED521A092EB7,-100,02010612FF590080BC200101A10A3F00FFFFFFFFFFFF,1525092060
[2018-05-03T21:47:31.703] [DEBUG] default - GPRP,111111111122,ED521A092EB7,-100,02010612FF590080BC200101A10A3F00FFFFFFFFFFFF,1525092060
[2018-05-03T21:47:31.894] [DEBUG] default - GPRP,111111111122,ED521A092EB7,-100,02010612FF590080BC200101A10A3F00FFFFFFFFFFFF,1525092060
[2018-05-03T21:47:32.030] [DEBUG] default - GPRP,111111111122,ED521A092EB7,-100,02010612FF590080BC200101A10A3F00FFFFFFFFFFFF,1525092060
[2018-05-03T21:47:32.239] [DEBUG] default - GPRP,111111111122,ED521A092EB7,-100,02010612FF590080BC200101A10A3F00FFFFFFFFFFFF,1525092060
[2018-05-03T21:47:32.422] [DEBUG] default - GPRP,111111111122,ED521A092EB7,-100,02010612FF590080BC200101A10A3F00FFFFFFFFFFFF,1525092060
[2018-05-03T21:47:32.679] [DEBUG] default - GPRP,111111111122,ED521A092EB7,-100,02010612FF590080BC200101A10A3F00FFFFFFFFFFFF,1525092060
[2018-05-03T21:47:32.854] [DEBUG] default - GPRP,111111111122,ED521A092EB7,-100,02010612FF590080BC200101A10A3F00FFFFFFFFFFFF,1525092060
[2018-05-03T21:47:33.143] [DEBUG] default - GPRP,111111111122,ED521A092EB7,-100,02010612FF590080BC200101A10A3F00FFFFFFFFFFFF,1525092060
[2018-05-03T21:47:33.423] [DEBUG] default - GPRP,111111111122,ED521A092EB7,-100,02010612FF590080BC200101A10A3F00FFFFFFFFFFFF,1525092060
[2018-05-03T21:47:33.607] [DEBUG] default - GPRP,111111111122,ED521A092EB7,-100,02010612FF590080BC200101A10A3F00FFFFFFFFFFFF,1525092060
[2018-05-03T21:47:37.855] [DEBUG] default - GPRP,111111111111,ED521A092EB7,-100,02010612FF590080BC200101A10A3F00FFFFFFFFFFFF,1525092060
[2018-05-03T21:47:39.326] [DEBUG] default - GPRP,111111111111,ED521A092EB7,-100,02010612FF590080BC200101A10A3F00FFFFFFFFFFFF,1525092060
[2018-05-03T21:47:39.574] [DEBUG] default - GPRP,111111111111,ED521A092EB7,-100,02010612FF590080BC200101A10A3F00FFFFFFFFFFFF,1525092060
[2018-05-03T21:47:39.807] [DEBUG] default - GPRP,111111111111,ED521A092EB7,-100,02010612FF590080BC200101A10A3F00FFFFFFFFFFFF,1525092060
[2018-05-03T21:47:40.094] [DEBUG] default - GPRP,111111111111,ED521A092EB7,-100,02010612FF590080BC200101A10A3F00FFFFFFFFFFFF,1525092060
[2018-05-03T21:47:40.415] [DEBUG] default - GPRP,111111111111,ED521A092EB7,-100,02010612FF590080BC200101A10A3F00FFFFFFFFFFFF,1525092060
[2018-05-03T21:47:40.711] [DEBUG] default - GPRP,111111111111,ED521A092EB7,-100,02010612FF590080BC200101A10A3F00FFFFFFFFFFFF,1525092060
[2018-05-03T21:47:40.847] [DEBUG] default - GPRP,111111111111,ED521A092EB7,-100,02010612FF590080BC200101A10A3F00FFFFFFFFFFFF,1525092060
[2018-05-03T21:47:40.990] [DEBUG] default - GPRP,111111111111,ED521A092EB7,-100,02010612FF590080BC200101A10A3F00FFFFFFFFFFFF,1525092060
[2018-05-03T21:47:41.270] [DEBUG] default - GPRP,111111111111,ED521A092EB7,-100,02010612FF590080BC200101A10A3F00FFFFFFFFFFFF,1525092060
[2018-05-03T21:47:41.550] [DEBUG] default - GPRP,111111111111,ED521A092EB7,-100,02010612FF590080BC200101A10A3F00FFFFFFFFFFFF,1525092060
[2018-05-03T21:47:41.735] [DEBUG] default - GPRP,111111111111,ED521A092EB7,-100,02010612FF590080BC200101A10A3F00FFFFFFFFFFFF,1525092060
[2018-05-03T21:47:42.038] [DEBUG] default - GPRP,111111111111,ED521A092EB7,-100,02010612FF590080BC200101A10A3F00FFFFFFFFFFFF,1525092060
[2018-05-03T21:47:42.271] [DEBUG] default - GPRP,111111111111,ED521A092EB7,-100,02010612FF590080BC200101A10A3F00FFFFFFFFFFFF,1525092060
[2018-05-03T21:47:42.471] [DEBUG] default - GPRP,111111111111,ED521A092EB7,-100,02010612FF590080BC200101A10A3F00FFFFFFFFFFFF,1525092060
[2018-05-03T21:47:42.662] [DEBUG] default - GPRP,111111111111,ED521A092EB7,-100,02010612FF590080BC200101A10A3F00FFFFFFFFFFFF,1525092060
[2018-05-03T21:47:43.006] [DEBUG] default - GPRP,111111111111,ED521A092EB7,-100,02010612FF590080BC200101A10A3F00FFFFFFFFFFFF,1525092060
[2018-05-03T21:47:43.270] [DEBUG] default - GPRP,111111111111,ED521A092EB7,-100,02010612FF590080BC200101A10A3F00FFFFFFFFFFFF,1525092060
[2018-05-03T21:47:43.446] [DEBUG] default - GPRP,111111111111,ED521A092EB7,-100,02010612FF590080BC200101A10A3F00FFFFFFFFFFFF,1525092060
[2018-05-03T21:47:43.703] [DEBUG] default - GPRP,111111111111,ED521A092EB7,-100,02010612FF590080BC200101A10A3F00FFFFFFFFFFFF,1525092060
[2018-05-03T21:47:44.286] [DEBUG] default - GPRP,111111111111,ED521A092EB7,-100,02010612FF590080BC200101A10A3F00FFFFFFFFFFFF,1525092060
[2018-05-03T21:51:07.549] [DEBUG] default - GPRP,111111111111,ED521A092EB7,-100,02010612FF590080BC200101A10A3F00FFFFFFFFFFFF,1525092060
[2018-05-03T21:52:27.354] [DEBUG] default - GPRP,111111111111,ED521A092EB7,-100,02010612FF590080BC200101A10A3F00FFFFFFFFFFFF,1525092060
[2018-05-03T21:52:29.654] [DEBUG] default - GPRP,111111111111,ED521A092EB7,-100,02010612FF590080BC200101A10A3F00FFFFFFFFFFFF,1525092060
[2018-05-03T21:52:30.142] [DEBUG] default - GPRP,111111111111,ED521A092EB7,-100,02010612FF590080BC200101A10A3F00FFFFFFFFFFFF,1525092060
[2018-05-03T21:52:30.580] [DEBUG] default - GPRP,111111111111,ED521A092EB7,-100,02010612FF590080BC200101A10A3F00FFFFFFFFFFFF,1525092060
[2018-05-03T21:52:31.308] [DEBUG] default - GPRP,111111111111,ED521A092EB7,-100,02010612FF590080BC200101A10A3F00FFFFFFFFFFFF,1525092060
[2018-05-03T21:52:31.635] [DEBUG] default - GPRP,111111111111,ED521A092EB7,-100,02010612FF590080BC200101A10A3F00FFFFFFFFFFFF,1525092060
[2018-05-03T21:53:07.769] [DEBUG] default - GPRP,111111111111,ED521A092EB7,-100,02010612FF590080BC200101A10A3F00FFFFFFFFFFFF,1525092060
[2018-05-03T22:27:14.768] [DEBUG] default - GPRP,111111111111,ED521A092EB7,-100,02010612FF590080BC200101A10A3F00FFFFFFFFFFFF,1525092060
[2018-05-03T22:27:16.357] [DEBUG] default - GPRP,111111111111,ED521A092EB7,-100,02010612FF590080BC200101A10A3F00FFFFFFFFFFFF,1525092060
[2018-05-03T22:27:16.898] [DEBUG] default - GPRP,111111111111,ED521A092EB7,-100,02010612FF590080BC200101A10A3F00FFFFFFFFFFFF,1525092060
[2018-05-03T22:27:18.451] [DEBUG] default - GPRP,111111111111,ED521A092EB7,-100,02010612FF590080BC200101A10A3F00FFFFFFFFFFFF,1525092060
[2018-05-03T22:27:18.692] [DEBUG] default - GPRP,111111111111,ED521A092EB7,-100,02010612FF590080BC200101A10A3F00FFFFFFFFFFFF,1525092060
[2018-05-03T22:27:18.867] [DEBUG] default - GPRP,111111111111,ED521A092EB7,-100,02010612FF590080BC200101A10A3F00FFFFFFFFFFFF,1525092060
[2018-05-03T22:27:19.028] [DEBUG] default - GPRP,111111111111,ED521A092EB7,-100,02010612FF590080BC200101A10A3F00FFFFFFFFFFFF,1525092060
[2018-05-03T22:27:19.331] [DEBUG] default - GPRP,111111111111,ED521A092EB7,-100,02010612FF590080BC200101A10A3F00FFFFFFFFFFFF,1525092060
[2018-05-03T22:27:19.612] [DEBUG] default - GPRP,111111111111,ED521A092EB7,-100,02010612FF590080BC200101A10A3F00FFFFFFFFFFFF,1525092060
[2018-05-03T22:27:19.795] [DEBUG] default - GPRP,111111111111,ED521A092EB7,-100,02010612FF590080BC200101A10A3F00FFFFFFFFFFFF,1525092060
[2018-05-03T22:27:20.067] [DEBUG] default - GPRP,111111111111,ED521A092EB7,-100,02010612FF590080BC200101A10A3F00FFFFFFFFFFFF,1525092060
[2018-05-03T22:27:20.212] [DEBUG] default - GPRP,111111111111,ED521A092EB7,-100,02010612FF590080BC200101A10A3F00FFFFFFFFFFFF,1525092060
[2018-05-03T22:27:20.370] [DEBUG] default - GPRP,111111111111,ED521A092EB7,-100,02010612FF590080BC200101A10A3F00FFFFFFFFFFFF,1525092060
[2018-05-03T22:27:20.524] [DEBUG] default - GPRP,111111111111,ED521A092EB7,-100,02010612FF590080BC200101A10A3F00FFFFFFFFFFFF,1525092060
[2018-05-03T22:27:20.686] [DEBUG] default - GPRP,111111111111,ED521A092EB7,-100,02010612FF590080BC200101A10A3F00FFFFFFFFFFFF,1525092060
[2018-05-03T22:27:20.843] [DEBUG] default - GPRP,111111111111,ED521A092EB7,-100,02010612FF590080BC200101A10A3F00FFFFFFFFFFFF,1525092060
[2018-05-03T22:27:21.003] [DEBUG] default - GPRP,111111111111,ED521A092EB7,-100,02010612FF590080BC200101A10A3F00FFFFFFFFFFFF,1525092060
[2018-05-03T22:27:21.164] [DEBUG] default - GPRP,111111111111,ED521A092EB7,-100,02010612FF590080BC200101A10A3F00FFFFFFFFFFFF,1525092060
[2018-05-03T22:27:21.331] [DEBUG] default - GPRP,111111111111,ED521A092EB7,-100,02010612FF590080BC200101A10A3F00FFFFFFFFFFFF,1525092060
[2018-05-03T22:27:21.483] [DEBUG] default - GPRP,111111111111,ED521A092EB7,-100,02010612FF590080BC200101A10A3F00FFFFFFFFFFFF,1525092060
[2018-05-03T22:27:21.651] [DEBUG] default - GPRP,111111111111,ED521A092EB7,-100,02010612FF590080BC200101A10A3F00FFFFFFFFFFFF,1525092060
[2018-05-03T22:27:21.788] [DEBUG] default - GPRP,111111111111,ED521A092EB7,-100,02010612FF590080BC200101A10A3F00FFFFFFFFFFFF,1525092060
[2018-05-03T22:27:21.979] [DEBUG] default - GPRP,111111111111,ED521A092EB7,-100,02010612FF590080BC200101A10A3F00FFFFFFFFFFFF,1525092060
[2018-05-03T22:27:22.131] [DEBUG] default - GPRP,111111111111,ED521A092EB7,-100,02010612FF590080BC200101A10A3F00FFFFFFFFFFFF,1525092060
[2018-05-03T22:27:22.306] [DEBUG] default - GPRP,111111111111,ED521A092EB7,-100,02010612FF590080BC200101A10A3F00FFFFFFFFFFFF,1525092060
[2018-05-03T22:27:22.499] [DEBUG] default - GPRP,111111111111,ED521A092EB7,-100,02010612FF590080BC200101A10A3F00FFFFFFFFFFFF,1525092060
[2018-05-03T22:27:22.667] [DEBUG] default - GPRP,111111111111,ED521A092EB7,-100,02010612FF590080BC200101A10A3F00FFFFFFFFFFFF,1525092060
[2018-05-03T22:27:22.827] [DEBUG] default - GPRP,111111111111,ED521A092EB7,-100,02010612FF590080BC200101A10A3F00FFFFFFFFFFFF,1525092060
[2018-05-03T22:27:22.987] [DEBUG] default - GPRP,111111111111,ED521A092EB7,-100,02010612FF590080BC200101A10A3F00FFFFFFFFFFFF,1525092060
[2018-05-03T22:27:23.147] [DEBUG] default - GPRP,111111111111,ED521A092EB7,-100,02010612FF590080BC200101A10A3F00FFFFFFFFFFFF,1525092060
[2018-05-03T22:27:23.531] [DEBUG] default - GPRP,111111111111,ED521A092EB7,-100,02010612FF590080BC200101A10A3F00FFFFFFFFFFFF,1525092060
[2018-05-03T22:27:23.746] [DEBUG] default - GPRP,111111111111,ED521A092EB7,-100,02010612FF590080BC200101A10A3F00FFFFFFFFFFFF,1525092060
[2018-05-03T22:27:23.931] [DEBUG] default - GPRP,111111111111,ED521A092EB7,-100,02010612FF590080BC200101A10A3F00FFFFFFFFFFFF,1525092060
[2018-05-03T22:27:24.180] [DEBUG] default - GPRP,111111111111,ED521A092EB7,-100,02010612FF590080BC200101A10A3F00FFFFFFFFFFFF,1525092060
[2018-05-03T22:27:24.330] [DEBUG] default - GPRP,111111111111,ED521A092EB7,-100,02010612FF590080BC200101A10A3F00FFFFFFFFFFFF,1525092060
[2018-05-03T22:27:24.483] [DEBUG] default - GPRP,111111111111,ED521A092EB7,-100,02010612FF590080BC200101A10A3F00FFFFFFFFFFFF,1525092060
[2018-05-03T22:27:24.659] [DEBUG] default - GPRP,111111111111,ED521A092EB7,-100,02010612FF590080BC200101A10A3F00FFFFFFFFFFFF,1525092060
[2018-05-03T22:27:24.811] [DEBUG] default - GPRP,111111111111,ED521A092EB7,-100,02010612FF590080BC200101A10A3F00FFFFFFFFFFFF,1525092060
[2018-05-03T22:27:24.954] [DEBUG] default - GPRP,111111111111,ED521A092EB7,-100,02010612FF590080BC200101A10A3F00FFFFFFFFFFFF,1525092060
[2018-05-03T22:27:25.163] [DEBUG] default - GPRP,111111111111,ED521A092EB7,-100,02010612FF590080BC200101A10A3F00FFFFFFFFFFFF,1525092060
[2018-05-03T22:27:25.331] [DEBUG] default - GPRP,111111111111,ED521A092EB7,-100,02010612FF590080BC200101A10A3F00FFFFFFFFFFFF,1525092060
[2018-05-03T22:27:25.508] [DEBUG] default - GPRP,111111111111,ED521A092EB7,-100,02010612FF590080BC200101A10A3F00FFFFFFFFFFFF,1525092060
[2018-05-03T22:27:25.668] [DEBUG] default - GPRP,111111111111,ED521A092EB7,-100,02010612FF590080BC200101A10A3F00FFFFFFFFFFFF,1525092060
[2018-05-03T22:27:25.852] [DEBUG] default - GPRP,111111111111,ED521A092EB7,-100,02010612FF590080BC200101A10A3F00FFFFFFFFFFFF,1525092060
[2018-05-03T22:27:26.052] [DEBUG] default - GPRP,111111111111,ED521A092EB7,-100,02010612FF590080BC200101A10A3F00FFFFFFFFFFFF,1525092060
[2018-05-03T22:27:26.251] [DEBUG] default - GPRP,111111111111,ED521A092EB7,-100,02010612FF590080BC200101A10A3F00FFFFFFFFFFFF,1525092060
[2018-05-03T22:27:27.067] [DEBUG] default - GPRP,111111111111,ED521A092EB7,-100,02010612FF590080BC200101A10A3F00FFFFFFFFFFFF,1525092060
[2018-05-03T22:27:27.683] [DEBUG] default - GPRP,111111111111,ED521A092EB7,-100,02010612FF590080BC200101A10A3F00FFFFFFFFFFFF,1525092060
[2018-05-03T22:27:28.180] [DEBUG] default - GPRP,111111111111,ED521A092EB7,-100,02010612FF590080BC200101A10A3F00FFFFFFFFFFFF,1525092060
[2018-05-03T22:27:28.563] [DEBUG] default - GPRP,111111111111,ED521A092EB7,-100,02010612FF590080BC200101A10A3F00FFFFFFFFFFFF,1525092060
[2018-05-03T22:27:28.756] [DEBUG] default - GPRP,111111111111,ED521A092EB7,-100,02010612FF590080BC200101A10A3F00FFFFFFFFFFFF,1525092060
[2018-05-03T22:27:44.891] [DEBUG] default - GPRP,111111111112,ED521A092EB7,-100,02010612FF590080BC200101A10A3F00FFFFFFFFFFFF,1525092060
[2018-05-03T22:27:46.482] [DEBUG] default - GPRP,111111111112,ED521A092EB7,-100,02010612FF590080BC200101A10A3F00FFFFFFFFFFFF,1525092060
[2018-05-03T22:27:47.019] [DEBUG] default - GPRP,111111111112,ED521A092EB7,-100,02010612FF590080BC200101A10A3F00FFFFFFFFFFFF,1525092060
[2018-05-03T22:27:47.306] [DEBUG] default - GPRP,111111111112,ED521A092EB7,-100,02010612FF590080BC200101A10A3F00FFFFFFFFFFFF,1525092060
[2018-05-03T22:27:47.499] [DEBUG] default - GPRP,111111111112,ED521A092EB7,-100,02010612FF590080BC200101A10A3F00FFFFFFFFFFFF,1525092060
[2018-05-03T22:27:47.707] [DEBUG] default - GPRP,111111111112,ED521A092EB7,-100,02010612FF590080BC200101A10A3F00FFFFFFFFFFFF,1525092060
[2018-05-03T22:27:47.898] [DEBUG] default - GPRP,111111111112,ED521A092EB7,-100,02010612FF590080BC200101A10A3F00FFFFFFFFFFFF,1525092060
[2018-05-03T22:27:48.210] [DEBUG] default - GPRP,111111111112,ED521A092EB7,-100,02010612FF590080BC200101A10A3F00FFFFFFFFFFFF,1525092060
[2018-05-03T22:27:48.498] [DEBUG] default - GPRP,111111111112,ED521A092EB7,-100,02010612FF590080BC200101A10A3F00FFFFFFFFFFFF,1525092060
[2018-05-03T22:27:48.666] [DEBUG] default - GPRP,111111111112,ED521A092EB7,-100,02010612FF590080BC200101A10A3F00FFFFFFFFFFFF,1525092060
[2018-05-03T22:27:48.804] [DEBUG] default - GPRP,111111111112,ED521A092EB7,-100,02010612FF590080BC200101A10A3F00FFFFFFFFFFFF,1525092060
[2018-05-03T22:27:48.963] [DEBUG] default - GPRP,111111111112,ED521A092EB7,-100,02010612FF590080BC200101A10A3F00FFFFFFFFFFFF,1525092060
[2018-05-03T22:27:49.116] [DEBUG] default - GPRP,111111111112,ED521A092EB7,-100,02010612FF590080BC200101A10A3F00FFFFFFFFFFFF,1525092060
[2018-05-03T22:27:49.331] [DEBUG] default - GPRP,111111111112,ED521A092EB7,-100,02010612FF590080BC200101A10A3F00FFFFFFFFFFFF,1525092060
[2018-05-03T22:27:49.516] [DEBUG] default - GPRP,111111111112,ED521A092EB7,-100,02010612FF590080BC200101A10A3F00FFFFFFFFFFFF,1525092060
[2018-05-03T22:27:49.683] [DEBUG] default - GPRP,111111111112,ED521A092EB7,-100,02010612FF590080BC200101A10A3F00FFFFFFFFFFFF,1525092060
[2018-05-03T22:27:49.827] [DEBUG] default - GPRP,111111111112,ED521A092EB7,-100,02010612FF590080BC200101A10A3F00FFFFFFFFFFFF,1525092060
[2018-05-03T22:27:49.995] [DEBUG] default - GPRP,111111111112,ED521A092EB7,-100,02010612FF590080BC200101A10A3F00FFFFFFFFFFFF,1525092060
[2018-05-03T22:27:50.515] [DEBUG] default - GPRP,111111111112,ED521A092EB7,-100,02010612FF590080BC200101A10A3F00FFFFFFFFFFFF,1525092060
[2018-05-03T22:27:50.699] [DEBUG] default - GPRP,111111111112,ED521A092EB7,-100,02010612FF590080BC200101A10A3F00FFFFFFFFFFFF,1525092060
[2018-05-03T22:27:50.835] [DEBUG] default - GPRP,111111111112,ED521A092EB7,-100,02010612FF590080BC200101A10A3F00FFFFFFFFFFFF,1525092060
[2018-05-03T22:27:58.699] [DEBUG] default - GPRP,111111111111,ED521A092EB7,-100,02010612FF590080BC200101A10A3F00FFFFFFFFFFFF,1525092060
[2018-05-03T22:28:31.533] [DEBUG] default - GPRP,111111111111,ED521A092EB7,-100,02010612FF590080BC200101A10A3F00FFFFFFFFFFFF,1525092060
[2018-05-03T22:28:33.146] [DEBUG] default - GPRP,111111111111,ED521A092EB7,-100,02010612FF590080BC200101A10A3F00FFFFFFFFFFFF,1525092060
[2018-05-03T22:28:33.914] [DEBUG] default - GPRP,111111111111,ED521A092EB7,-100,02010612FF590080BC200101A10A3F00FFFFFFFFFFFF,1525092060
[2018-05-03T22:28:34.299] [DEBUG] default - GPRP,111111111111,ED521A092EB7,-100,02010612FF590080BC200101A10A3F00FFFFFFFFFFFF,1525092060
[2018-05-03T22:28:34.498] [DEBUG] default - GPRP,111111111111,ED521A092EB7,-100,02010612FF590080BC200101A10A3F00FFFFFFFFFFFF,1525092060
[2018-05-03T22:28:34.651] [DEBUG] default - GPRP,111111111111,ED521A092EB7,-100,02010612FF590080BC200101A10A3F00FFFFFFFFFFFF,1525092060
[2018-05-03T22:28:55.098] [DEBUG] default - GPRP,111111111111,ED521A092EB7,-100,02010612FF590080BC200101A10A3F00FFFFFFFFFFFF,1525092060
[2018-05-03T22:28:55.330] [DEBUG] default - GPRP,111111111111,ED521A092EB7,-100,02010612FF590080BC200101A10A3F00FFFFFFFFFFFF,1525092060
[2018-05-03T22:28:55.579] [DEBUG] default - GPRP,111111111111,ED521A092EB7,-100,02010612FF590080BC200101A10A3F00FFFFFFFFFFFF,1525092060
[2018-05-03T22:28:55.746] [DEBUG] default - GPRP,111111111111,ED521A092EB7,-100,02010612FF590080BC200101A10A3F00FFFFFFFFFFFF,1525092060
[2018-05-03T22:28:55.890] [DEBUG] default - GPRP,111111111111,ED521A092EB7,-100,02010612FF590080BC200101A10A3F00FFFFFFFFFFFF,1525092060
[2018-05-03T22:28:56.170] [DEBUG] default - GPRP,111111111111,ED521A092EB7,-100,02010612FF590080BC200101A10A3F00FFFFFFFFFFFF,1525092060
[2018-05-03T22:28:56.482] [DEBUG] default - GPRP,111111111111,ED521A092EB7,-100,02010612FF590080BC200101A10A3F00FFFFFFFFFFFF,1525092060
[2018-05-03T22:28:56.746] [DEBUG] default - GPRP,111111111111,ED521A092EB7,-100,02010612FF590080BC200101A10A3F00FFFFFFFFFFFF,1525092060
[2018-05-03T22:28:57.234] [DEBUG] default - GPRP,111111111111,ED521A092EB7,-100,02010612FF590080BC200101A10A3F00FFFFFFFFFFFF,1525092060
[2018-05-03T22:28:57.443] [DEBUG] default - GPRP,111111111111,ED521A092EB7,-100,02010612FF590080BC200101A10A3F00FFFFFFFFFFFF,1525092060
[2018-05-03T22:28:57.650] [DEBUG] default - GPRP,111111111111,ED521A092EB7,-100,02010612FF590080BC200101A10A3F00FFFFFFFFFFFF,1525092060
[2018-05-03T22:28:57.923] [DEBUG] default - GPRP,111111111111,ED521A092EB7,-100,02010612FF590080BC200101A10A3F00FFFFFFFFFFFF,1525092060
[2018-05-03T22:28:58.106] [DEBUG] default - GPRP,111111111111,ED521A092EB7,-100,02010612FF590080BC200101A10A3F00FFFFFFFFFFFF,1525092060
[2018-05-03T22:29:01.235] [DEBUG] default - GPRP,111111111111,ED521A092EB7,-100,02010612FF590080BC200101A10A3F00FFFFFFFFFFFF,1525092060
[2018-05-03T22:29:02.482] [DEBUG] default - GPRP,111111111111,ED521A092EB7,-100,02010612FF590080BC200101A10A3F00FFFFFFFFFFFF,1525092060
[2018-05-03T22:29:02.737] [DEBUG] default - GPRP,111111111111,ED521A092EB7,-100,02010612FF590080BC200101A10A3F00FFFFFFFFFFFF,1525092060
[2018-05-03T22:29:02.899] [DEBUG] default - GPRP,111111111111,ED521A092EB7,-100,02010612FF590080BC200101A10A3F00FFFFFFFFFFFF,1525092060
[2018-05-03T22:29:03.019] [DEBUG] default - GPRP,111111111111,ED521A092EB7,-100,02010612FF590080BC200101A10A3F00FFFFFFFFFFFF,1525092060
[2018-05-03T22:29:03.154] [DEBUG] default - GPRP,111111111111,ED521A092EB7,-100,02010612FF590080BC200101A10A3F00FFFFFFFFFFFF,1525092060
[2018-05-03T22:29:03.308] [DEBUG] default - GPRP,111111111111,ED521A092EB7,-100,02010612FF590080BC200101A10A3F00FFFFFFFFFFFF,1525092060
[2018-05-03T22:29:03.531] [DEBUG] default - GPRP,111111111111,ED521A092EB7,-100,02010612FF590080BC200101A10A3F00FFFFFFFFFFFF,1525092060
[2018-05-03T22:29:03.691] [DEBUG] default - GPRP,111111111111,ED521A092EB7,-100,02010612FF590080BC200101A10A3F00FFFFFFFFFFFF,1525092060
[2018-05-03T22:29:03.947] [DEBUG] default - GPRP,111111111111,ED521A092EB7,-100,02010612FF590080BC200101A10A3F00FFFFFFFFFFFF,1525092060
[2018-05-03T22:29:04.123] [DEBUG] default - GPRP,111111111111,ED521A092EB7,-100,02010612FF590080BC200101A10A3F00FFFFFFFFFFFF,1525092060
[2018-05-03T22:29:04.370] [DEBUG] default - GPRP,111111111111,ED521A092EB7,-100,02010612FF590080BC200101A10A3F00FFFFFFFFFFFF,1525092060
[2018-05-03T22:29:04.530] [DEBUG] default - GPRP,111111111111,ED521A092EB7,-100,02010612FF590080BC200101A10A3F00FFFFFFFFFFFF,1525092060
[2018-05-03T22:29:04.714] [DEBUG] default - GPRP,111111111111,ED521A092EB7,-100,02010612FF590080BC200101A10A3F00FFFFFFFFFFFF,1525092060
[2018-05-03T22:29:04.874] [DEBUG] default - GPRP,111111111111,ED521A092EB7,-100,02010612FF590080BC200101A10A3F00FFFFFFFFFFFF,1525092060
[2018-05-03T22:29:05.043] [DEBUG] default - GPRP,111111111111,ED521A092EB7,-100,02010612FF590080BC200101A10A3F00FFFFFFFFFFFF,1525092060
[2018-05-03T22:29:05.555] [DEBUG] default - GPRP,111111111111,ED521A092EB7,-100,02010612FF590080BC200101A10A3F00FFFFFFFFFFFF,1525092060
[2018-05-03T22:29:05.747] [DEBUG] default - GPRP,111111111111,ED521A092EB7,-100,02010612FF590080BC200101A10A3F00FFFFFFFFFFFF,1525092060
[2018-05-03T22:29:05.963] [DEBUG] default - GPRP,111111111111,ED521A092EB7,-100,02010612FF590080BC200101A10A3F00FFFFFFFFFFFF,1525092060
[2018-05-03T22:29:06.138] [DEBUG] default - GPRP,111111111111,ED521A092EB7,-100,02010612FF590080BC200101A10A3F00FFFFFFFFFFFF,1525092060
[2018-05-03T22:29:06.307] [DEBUG] default - GPRP,111111111111,ED521A092EB7,-100,02010612FF590080BC200101A10A3F00FFFFFFFFFFFF,1525092060
[2018-05-03T22:29:06.523] [DEBUG] default - GPRP,111111111111,ED521A092EB7,-100,02010612FF590080BC200101A10A3F00FFFFFFFFFFFF,1525092060
[2018-05-03T22:29:06.755] [DEBUG] default - GPRP,111111111111,ED521A092EB7,-100,02010612FF590080BC200101A10A3F00FFFFFFFFFFFF,1525092060
[2018-05-03T22:29:06.947] [DEBUG] default - GPRP,111111111111,ED521A092EB7,-100,02010612FF590080BC200101A10A3F00FFFFFFFFFFFF,1525092060
[2018-05-03T22:29:07.139] [DEBUG] default - GPRP,111111111111,ED521A092EB7,-100,02010612FF590080BC200101A10A3F00FFFFFFFFFFFF,1525092060
[2018-05-03T22:29:07.314] [DEBUG] default - GPRP,111111111111,ED521A092EB7,-100,02010612FF590080BC200101A10A3F00FFFFFFFFFFFF,1525092060
[2018-05-03T22:29:07.594] [DEBUG] default - GPRP,111111111111,ED521A092EB7,-100,02010612FF590080BC200101A10A3F00FFFFFFFFFFFF,1525092060
[2018-05-03T22:29:07.779] [DEBUG] default - GPRP,111111111111,ED521A092EB7,-100,02010612FF590080BC200101A10A3F00FFFFFFFFFFFF,1525092060
[2018-05-03T22:29:07.971] [DEBUG] default - GPRP,111111111111,ED521A092EB7,-100,02010612FF590080BC200101A10A3F00FFFFFFFFFFFF,1525092060
[2018-05-03T22:29:08.171] [DEBUG] default - GPRP,111111111111,ED521A092EB7,-100,02010612FF590080BC200101A10A3F00FFFFFFFFFFFF,1525092060
[2018-05-03T22:29:08.387] [DEBUG] default - GPRP,111111111111,ED521A092EB7,-100,02010612FF590080BC200101A10A3F00FFFFFFFFFFFF,1525092060
[2018-05-03T22:29:08.721] [DEBUG] default - GPRP,111111111111,ED521A092EB7,-100,02010612FF590080BC200101A10A3F00FFFFFFFFFFFF,1525092060
[2018-05-03T22:29:08.739] [DEBUG] default - GPRP,111111111111,ED521A092EB7,-100,02010612FF590080BC200101A10A3F00FFFFFFFFFFFF,1525092060
[2018-05-03T22:29:08.954] [DEBUG] default - GPRP,111111111111,ED521A092EB7,-100,02010612FF590080BC200101A10A3F00FFFFFFFFFFFF,1525092060
[2018-05-03T22:29:09.107] [DEBUG] default - GPRP,111111111111,ED521A092EB7,-100,02010612FF590080BC200101A10A3F00FFFFFFFFFFFF,1525092060
[2018-05-03T22:29:09.298] [DEBUG] default - GPRP,111111111111,ED521A092EB7,-100,02010612FF590080BC200101A10A3F00FFFFFFFFFFFF,1525092060
